<?xml version="1.0" encoding="UTF-8"?>
<testng-results ignored="0" total="1" passed="1" failed="0" skipped="0">
  <reporter-output>
  </reporter-output>
  <suite started-at="2023-04-12T19:35:59 IST" name="Suite" finished-at="2023-04-12T19:36:07 IST" duration-ms="7904">
    <groups>
    </groups>
    <test started-at="2023-04-12T19:35:59 IST" name="OrangeHRMLoginTest" finished-at="2023-04-12T19:36:07 IST" duration-ms="7904">
      <class name="com.OrangeHrm.testCases.loginToAccountTC_001">
        <test-method is-config="true" signature="setUp(java.lang.String)[pri:0, instance:com.OrangeHrm.testCases.loginToAccountTC_001@58cbafc2]" started-at="2023-04-12T19:35:59 IST" name="setUp" finished-at="2023-04-12T19:36:01 IST" duration-ms="2137" status="PASS">
          <params>
            <param index="0">
              <value>
                <![CDATA[chrome]]>
              </value>
            </param>
          </params>
          <reporter-output>
          </reporter-output>
        </test-method> <!-- setUp -->
        <test-method signature="login()[pri:0, instance:com.OrangeHrm.testCases.loginToAccountTC_001@58cbafc2]" started-at="2023-04-12T19:36:01 IST" name="login" finished-at="2023-04-12T19:36:07 IST" duration-ms="5450" status="PASS">
          <reporter-output>
          </reporter-output>
        </test-method> <!-- login -->
        <test-method is-config="true" signature="tearDown()[pri:0, instance:com.OrangeHrm.testCases.loginToAccountTC_001@58cbafc2]" started-at="2023-04-12T19:36:07 IST" name="tearDown" finished-at="2023-04-12T19:36:07 IST" duration-ms="280" status="PASS">
          <reporter-output>
          </reporter-output>
        </test-method> <!-- tearDown -->
      </class> <!-- com.OrangeHrm.testCases.loginToAccountTC_001 -->
    </test> <!-- OrangeHRMLoginTest -->
  </suite> <!-- Suite -->
</testng-results>
